  소스.cpp
c:\users\전병현\documents\development\icpc\6439\6439\소스.cpp(39): warning C4244: '초기화 중': 'const _Ty'에서 'int'(으)로 변환하면서 데이터가 손실될 수 있습니다.
          with
          [
              _Ty=__int64
          ]
c:\users\전병현\documents\development\icpc\6439\6439\소스.cpp(40): warning C4244: '초기화 중': 'const _Ty'에서 'int'(으)로 변환하면서 데이터가 손실될 수 있습니다.
          with
          [
              _Ty=__int64
          ]
c:\users\전병현\documents\development\icpc\6439\6439\소스.cpp(41): warning C4244: '초기화 중': 'const _Ty'에서 'int'(으)로 변환하면서 데이터가 손실될 수 있습니다.
          with
          [
              _Ty=__int64
          ]
c:\users\전병현\documents\development\icpc\6439\6439\소스.cpp(42): warning C4244: '초기화 중': 'const _Ty'에서 'int'(으)로 변환하면서 데이터가 손실될 수 있습니다.
          with
          [
              _Ty=__int64
          ]
c:\users\전병현\documents\development\icpc\6439\6439\소스.cpp(52): warning C4244: '초기화 중': 'const _Ty'에서 'int'(으)로 변환하면서 데이터가 손실될 수 있습니다.
          with
          [
              _Ty=__int64
          ]
c:\users\전병현\documents\development\icpc\6439\6439\소스.cpp(53): warning C4244: '초기화 중': 'const _Ty'에서 'int'(으)로 변환하면서 데이터가 손실될 수 있습니다.
          with
          [
              _Ty=__int64
          ]
c:\users\전병현\documents\development\icpc\6439\6439\소스.cpp(60): warning C4244: '초기화 중': 'const _Ty'에서 'int'(으)로 변환하면서 데이터가 손실될 수 있습니다.
          with
          [
              _Ty=__int64
          ]
c:\users\전병현\documents\development\icpc\6439\6439\소스.cpp(61): warning C4244: '초기화 중': 'const _Ty'에서 'int'(으)로 변환하면서 데이터가 손실될 수 있습니다.
          with
          [
              _Ty=__int64
          ]
  6439.vcxproj -> C:\Users\전병현\Documents\development\icpc\6439\Debug\6439.exe
